Copyright 1986-2017 Xilinx, Inc. All Rights Reserved.
----------------------------------------------------------------------------------------------------------------------------------------------
| Tool Version     : Vivado v.2017.4 (win64) Build 2086221 Fri Dec 15 20:55:39 MST 2017
| Date             : Tue Nov 27 12:11:32 2018
| Host             : D111-D45876 running 64-bit major release  (build 9200)
| Command          : report_power -file datapath_power_routed.rpt -pb datapath_power_summary_routed.pb -rpx datapath_power_routed.rpx
| Design           : datapath
| Device           : xc7a100tcsg324-1
| Design State     : routed
| Grade            : commercial
| Process          : typical
| Characterization : Production
----------------------------------------------------------------------------------------------------------------------------------------------

Power Report

Table of Contents
-----------------
1. Summary
1.1 On-Chip Components
1.2 Power Supply Summary
1.3 Confidence Level
2. Settings
2.1 Environment
2.2 Clock Constraints
3. Detailed Reports
3.1 By Hierarchy

1. Summary
----------

+--------------------------+--------------+
| Total On-Chip Power (W)  | 0.218        |
| Design Power Budget (W)  | Unspecified* |
| Power Budget Margin (W)  | NA           |
| Dynamic (W)              | 0.116        |
| Device Static (W)        | 0.102        |
| Effective TJA (C/W)      | 4.6          |
| Max Ambient (C)          | 84.0         |
| Junction Temperature (C) | 26.0         |
| Confidence Level         | Low          |
| Setting File             | ---          |
| Simulation Activity File | ---          |
| Design Nets Matched      | NA           |
+--------------------------+--------------+
* Specify Design Power Budget using, set_operating_conditions -design_power_budget <value in Watts>


1.1 On-Chip Components
----------------------

+----------------+-----------+----------+-----------+-----------------+
| On-Chip        | Power (W) | Used     | Available | Utilization (%) |
+----------------+-----------+----------+-----------+-----------------+
| Clocks         |     0.002 |        6 |       --- |             --- |
| Slice Logic    |    <0.001 |     1507 |       --- |             --- |
|   LUT as Logic |    <0.001 |      741 |     63400 |            1.17 |
|   CARRY4       |    <0.001 |       21 |     15850 |            0.13 |
|   Register     |    <0.001 |      265 |    126800 |            0.21 |
|   BUFG         |    <0.001 |        1 |        32 |            3.13 |
|   F7/F8 Muxes  |    <0.001 |       72 |     63400 |            0.11 |
|   Others       |     0.000 |      310 |       --- |             --- |
| Signals        |     0.003 |     1696 |       --- |             --- |
| Block RAM      |     0.010 |      106 |       135 |           78.52 |
| PLL            |     0.097 |        1 |         6 |           16.67 |
| I/O            |     0.003 |       34 |       210 |           16.19 |
| Static Power   |     0.102 |          |           |                 |
| Total          |     0.218 |          |           |                 |
+----------------+-----------+----------+-----------+-----------------+


1.2 Power Supply Summary
------------------------

+-----------+-------------+-----------+-------------+------------+
| Source    | Voltage (V) | Total (A) | Dynamic (A) | Static (A) |
+-----------+-------------+-----------+-------------+------------+
| Vccint    |       1.000 |     0.040 |       0.022 |      0.018 |
| Vccaux    |       1.800 |     0.068 |       0.050 |      0.018 |
| Vcco33    |       3.300 |     0.005 |       0.001 |      0.004 |
| Vcco25    |       2.500 |     0.000 |       0.000 |      0.000 |
| Vcco18    |       1.800 |     0.000 |       0.000 |      0.000 |
| Vcco15    |       1.500 |     0.000 |       0.000 |      0.000 |
| Vcco135   |       1.350 |     0.000 |       0.000 |      0.000 |
| Vcco12    |       1.200 |     0.000 |       0.000 |      0.000 |
| Vccaux_io |       1.800 |     0.000 |       0.000 |      0.000 |
| Vccbram   |       1.000 |     0.004 |       0.001 |      0.003 |
| MGTAVcc   |       1.000 |     0.000 |       0.000 |      0.000 |
| MGTAVtt   |       1.200 |     0.000 |       0.000 |      0.000 |
| Vccadc    |       1.800 |     0.020 |       0.000 |      0.020 |
+-----------+-------------+-----------+-------------+------------+


1.3 Confidence Level
--------------------

+-----------------------------+------------+--------------------------------------------------------+--------------------------------------------------------------------------------------------------------------------+
| User Input Data             | Confidence | Details                                                | Action                                                                                                             |
+-----------------------------+------------+--------------------------------------------------------+--------------------------------------------------------------------------------------------------------------------+
| Design implementation state | High       | Design is routed                                       |                                                                                                                    |
| Clock nodes activity        | Low        | User specified less than 75% of clocks                 | Provide missing clock activity with a constraint file, simulation results or by editing the "By Clock Domain" view |
| I/O nodes activity          | Low        | More than 75% of inputs are missing user specification | Provide missing input activity with simulation results or by editing the "By Resource Type -> I/Os" view           |
| Internal nodes activity     | Medium     | User specified less than 25% of internal nodes         | Provide missing internal nodes activity with simulation results or by editing the "By Resource Type" views         |
| Device models               | High       | Device models are Production                           |                                                                                                                    |
|                             |            |                                                        |                                                                                                                    |
| Overall confidence level    | Low        |                                                        |                                                                                                                    |
+-----------------------------+------------+--------------------------------------------------------+--------------------------------------------------------------------------------------------------------------------+


2. Settings
-----------

2.1 Environment
---------------

+-----------------------+--------------------------+
| Ambient Temp (C)      | 25.0                     |
| ThetaJA (C/W)         | 4.6                      |
| Airflow (LFM)         | 250                      |
| Heat Sink             | medium (Medium Profile)  |
| ThetaSA (C/W)         | 4.6                      |
| Board Selection       | medium (10"x10")         |
| # of Board Layers     | 12to15 (12 to 15 Layers) |
| Board Temperature (C) | 25.0                     |
+-----------------------+--------------------------+


2.2 Clock Constraints
---------------------

+------------------------+-----------------------------------------------+-----------------+
| Clock                  | Domain                                        | Constraint (ns) |
+------------------------+-----------------------------------------------+-----------------+
| clk_100                | clk_100                                       |            10.0 |
| clkfbout_clk_wiz_0     | clk_wiz_0_clk_wiz/inst/clkfbout_clk_wiz_0     |            20.0 |
| ov7670_clk50_clk_wiz_0 | clk_wiz_0_clk_wiz/inst/ov7670_clk50_clk_wiz_0 |            20.0 |
| vga_clk25_clk_wiz_0    | clk_wiz_0_clk_wiz/inst/vga_clk25_clk_wiz_0    |            40.0 |
+------------------------+-----------------------------------------------+-----------------+


3. Detailed Reports
-------------------

3.1 By Hierarchy
----------------

+----------------------------------------------+-----------+
| Name                                         | Power (W) |
+----------------------------------------------+-----------+
| datapath                                     |     0.116 |
|   clk_wiz_0_clk_wiz                          |     0.097 |
|     inst                                     |     0.097 |
|   u_blk_mem_gen_0                            |     0.003 |
|     U0                                       |     0.003 |
|       inst_blk_mem_gen                       |     0.003 |
|         gnbram.gnativebmg.native_blk_mem_gen |     0.003 |
|           valid.cstr                         |     0.003 |
|             bindec_a.bindec_inst_a           |    <0.001 |
|             bindec_b.bindec_inst_b           |    <0.001 |
|             has_mux_b.B                      |    <0.001 |
|             ramloop[0].ram.r                 |    <0.001 |
|               prim_noinit.ram                |    <0.001 |
|             ramloop[10].ram.r                |    <0.001 |
|               prim_noinit.ram                |    <0.001 |
|             ramloop[11].ram.r                |    <0.001 |
|               prim_noinit.ram                |    <0.001 |
|             ramloop[12].ram.r                |    <0.001 |
|               prim_noinit.ram                |    <0.001 |
|             ramloop[13].ram.r                |    <0.001 |
|               prim_noinit.ram                |    <0.001 |
|             ramloop[14].ram.r                |    <0.001 |
|               prim_noinit.ram                |    <0.001 |
|             ramloop[15].ram.r                |    <0.001 |
|               prim_noinit.ram                |    <0.001 |
|             ramloop[16].ram.r                |    <0.001 |
|               prim_noinit.ram                |    <0.001 |
|             ramloop[17].ram.r                |    <0.001 |
|               prim_noinit.ram                |    <0.001 |
|             ramloop[18].ram.r                |    <0.001 |
|               prim_noinit.ram                |    <0.001 |
|             ramloop[19].ram.r                |    <0.001 |
|               prim_noinit.ram                |    <0.001 |
|             ramloop[1].ram.r                 |    <0.001 |
|               prim_noinit.ram                |    <0.001 |
|             ramloop[20].ram.r                |    <0.001 |
|               prim_noinit.ram                |    <0.001 |
|             ramloop[21].ram.r                |    <0.001 |
|               prim_noinit.ram                |    <0.001 |
|             ramloop[22].ram.r                |    <0.001 |
|               prim_noinit.ram                |    <0.001 |
|             ramloop[23].ram.r                |    <0.001 |
|               prim_noinit.ram                |    <0.001 |
|             ramloop[2].ram.r                 |    <0.001 |
|               prim_noinit.ram                |    <0.001 |
|             ramloop[3].ram.r                 |    <0.001 |
|               prim_noinit.ram                |    <0.001 |
|             ramloop[4].ram.r                 |    <0.001 |
|               prim_noinit.ram                |    <0.001 |
|             ramloop[5].ram.r                 |    <0.001 |
|               prim_noinit.ram                |    <0.001 |
|             ramloop[6].ram.r                 |    <0.001 |
|               prim_noinit.ram                |    <0.001 |
|             ramloop[7].ram.r                 |    <0.001 |
|               prim_noinit.ram                |    <0.001 |
|             ramloop[8].ram.r                 |    <0.001 |
|               prim_noinit.ram                |    <0.001 |
|             ramloop[9].ram.r                 |    <0.001 |
|               prim_noinit.ram                |    <0.001 |
|   u_blk_mem_gen_1                            |     0.003 |
|     U0                                       |     0.003 |
|       inst_blk_mem_gen                       |     0.003 |
|         gnbram.gnativebmg.native_blk_mem_gen |     0.003 |
|           valid.cstr                         |     0.003 |
|             bindec_a.bindec_inst_a           |    <0.001 |
|             bindec_b.bindec_inst_b           |    <0.001 |
|             has_mux_b.B                      |    <0.001 |
|             ramloop[0].ram.r                 |    <0.001 |
|               prim_noinit.ram                |    <0.001 |
|             ramloop[10].ram.r                |    <0.001 |
|               prim_noinit.ram                |    <0.001 |
|             ramloop[11].ram.r                |    <0.001 |
|               prim_noinit.ram                |    <0.001 |
|             ramloop[12].ram.r                |    <0.001 |
|               prim_noinit.ram                |    <0.001 |
|             ramloop[13].ram.r                |    <0.001 |
|               prim_noinit.ram                |    <0.001 |
|             ramloop[14].ram.r                |    <0.001 |
|               prim_noinit.ram                |    <0.001 |
|             ramloop[15].ram.r                |    <0.001 |
|               prim_noinit.ram                |    <0.001 |
|             ramloop[16].ram.r                |    <0.001 |
|               prim_noinit.ram                |    <0.001 |
|             ramloop[17].ram.r                |    <0.001 |
|               prim_noinit.ram                |    <0.001 |
|             ramloop[18].ram.r                |    <0.001 |
|               prim_noinit.ram                |    <0.001 |
|             ramloop[19].ram.r                |    <0.001 |
|               prim_noinit.ram                |    <0.001 |
|             ramloop[1].ram.r                 |    <0.001 |
|               prim_noinit.ram                |    <0.001 |
|             ramloop[20].ram.r                |    <0.001 |
|               prim_noinit.ram                |    <0.001 |
|             ramloop[21].ram.r                |    <0.001 |
|               prim_noinit.ram                |    <0.001 |
|             ramloop[22].ram.r                |    <0.001 |
|               prim_noinit.ram                |    <0.001 |
|             ramloop[23].ram.r                |    <0.001 |
|               prim_noinit.ram                |    <0.001 |
|             ramloop[2].ram.r                 |    <0.001 |
|               prim_noinit.ram                |    <0.001 |
|             ramloop[3].ram.r                 |    <0.001 |
|               prim_noinit.ram                |    <0.001 |
|             ramloop[4].ram.r                 |    <0.001 |
|               prim_noinit.ram                |    <0.001 |
|             ramloop[5].ram.r                 |    <0.001 |
|               prim_noinit.ram                |    <0.001 |
|             ramloop[6].ram.r                 |    <0.001 |
|               prim_noinit.ram                |    <0.001 |
|             ramloop[7].ram.r                 |    <0.001 |
|               prim_noinit.ram                |    <0.001 |
|             ramloop[8].ram.r                 |    <0.001 |
|               prim_noinit.ram                |    <0.001 |
|             ramloop[9].ram.r                 |    <0.001 |
|               prim_noinit.ram                |    <0.001 |
|   u_blk_mem_gen_2                            |     0.003 |
|     U0                                       |     0.003 |
|       inst_blk_mem_gen                       |     0.003 |
|         gnbram.gnativebmg.native_blk_mem_gen |     0.003 |
|           valid.cstr                         |     0.003 |
|             bindec_a.bindec_inst_a           |    <0.001 |
|             bindec_b.bindec_inst_b           |    <0.001 |
|             has_mux_b.B                      |    <0.001 |
|             ramloop[0].ram.r                 |    <0.001 |
|               prim_noinit.ram                |    <0.001 |
|             ramloop[10].ram.r                |    <0.001 |
|               prim_noinit.ram                |    <0.001 |
|             ramloop[11].ram.r                |    <0.001 |
|               prim_noinit.ram                |    <0.001 |
|             ramloop[12].ram.r                |    <0.001 |
|               prim_noinit.ram                |    <0.001 |
|             ramloop[13].ram.r                |    <0.001 |
|               prim_noinit.ram                |    <0.001 |
|             ramloop[14].ram.r                |    <0.001 |
|               prim_noinit.ram                |    <0.001 |
|             ramloop[15].ram.r                |    <0.001 |
|               prim_noinit.ram                |    <0.001 |
|             ramloop[16].ram.r                |    <0.001 |
|               prim_noinit.ram                |    <0.001 |
|             ramloop[17].ram.r                |    <0.001 |
|               prim_noinit.ram                |    <0.001 |
|             ramloop[18].ram.r                |    <0.001 |
|               prim_noinit.ram                |    <0.001 |
|             ramloop[19].ram.r                |    <0.001 |
|               prim_noinit.ram                |    <0.001 |
|             ramloop[1].ram.r                 |    <0.001 |
|               prim_noinit.ram                |    <0.001 |
|             ramloop[20].ram.r                |    <0.001 |
|               prim_noinit.ram                |    <0.001 |
|             ramloop[21].ram.r                |    <0.001 |
|               prim_noinit.ram                |    <0.001 |
|             ramloop[22].ram.r                |    <0.001 |
|               prim_noinit.ram                |    <0.001 |
|             ramloop[23].ram.r                |    <0.001 |
|               prim_noinit.ram                |    <0.001 |
|             ramloop[2].ram.r                 |    <0.001 |
|               prim_noinit.ram                |    <0.001 |
|             ramloop[3].ram.r                 |    <0.001 |
|               prim_noinit.ram                |    <0.001 |
|             ramloop[4].ram.r                 |    <0.001 |
|               prim_noinit.ram                |    <0.001 |
|             ramloop[5].ram.r                 |    <0.001 |
|               prim_noinit.ram                |    <0.001 |
|             ramloop[6].ram.r                 |    <0.001 |
|               prim_noinit.ram                |    <0.001 |
|             ramloop[7].ram.r                 |    <0.001 |
|               prim_noinit.ram                |    <0.001 |
|             ramloop[8].ram.r                 |    <0.001 |
|               prim_noinit.ram                |    <0.001 |
|             ramloop[9].ram.r                 |    <0.001 |
|               prim_noinit.ram                |    <0.001 |
|   u_blk_mem_gen_3                            |     0.002 |
|     U0                                       |     0.002 |
|       inst_blk_mem_gen                       |     0.002 |
|         gnbram.gnativebmg.native_blk_mem_gen |     0.002 |
|           valid.cstr                         |     0.002 |
|             bindec_a.bindec_inst_a           |    <0.001 |
|             bindec_b.bindec_inst_b           |    <0.001 |
|             has_mux_b.B                      |    <0.001 |
|             ramloop[0].ram.r                 |    <0.001 |
|               prim_noinit.ram                |    <0.001 |
|             ramloop[10].ram.r                |    <0.001 |
|               prim_noinit.ram                |    <0.001 |
|             ramloop[11].ram.r                |    <0.001 |
|               prim_noinit.ram                |    <0.001 |
|             ramloop[12].ram.r                |    <0.001 |
|               prim_noinit.ram                |    <0.001 |
|             ramloop[13].ram.r                |    <0.001 |
|               prim_noinit.ram                |    <0.001 |
|             ramloop[14].ram.r                |    <0.001 |
|               prim_noinit.ram                |    <0.001 |
|             ramloop[15].ram.r                |    <0.001 |
|               prim_noinit.ram                |    <0.001 |
|             ramloop[16].ram.r                |    <0.001 |
|               prim_noinit.ram                |    <0.001 |
|             ramloop[17].ram.r                |    <0.001 |
|               prim_noinit.ram                |    <0.001 |
|             ramloop[18].ram.r                |    <0.001 |
|               prim_noinit.ram                |    <0.001 |
|             ramloop[19].ram.r                |    <0.001 |
|               prim_noinit.ram                |    <0.001 |
|             ramloop[1].ram.r                 |    <0.001 |
|               prim_noinit.ram                |    <0.001 |
|             ramloop[20].ram.r                |    <0.001 |
|               prim_noinit.ram                |    <0.001 |
|             ramloop[21].ram.r                |    <0.001 |
|               prim_noinit.ram                |    <0.001 |
|             ramloop[22].ram.r                |    <0.001 |
|               prim_noinit.ram                |    <0.001 |
|             ramloop[23].ram.r                |    <0.001 |
|               prim_noinit.ram                |    <0.001 |
|             ramloop[2].ram.r                 |    <0.001 |
|               prim_noinit.ram                |    <0.001 |
|             ramloop[3].ram.r                 |    <0.001 |
|               prim_noinit.ram                |    <0.001 |
|             ramloop[4].ram.r                 |    <0.001 |
|               prim_noinit.ram                |    <0.001 |
|             ramloop[5].ram.r                 |    <0.001 |
|               prim_noinit.ram                |    <0.001 |
|             ramloop[6].ram.r                 |    <0.001 |
|               prim_noinit.ram                |    <0.001 |
|             ramloop[7].ram.r                 |    <0.001 |
|               prim_noinit.ram                |    <0.001 |
|             ramloop[8].ram.r                 |    <0.001 |
|               prim_noinit.ram                |    <0.001 |
|             ramloop[9].ram.r                 |    <0.001 |
|               prim_noinit.ram                |    <0.001 |
|   u_image_capture                            |     0.003 |
|   u_ov7670_controller                        |    <0.001 |
|     u_i2c                                    |    <0.001 |
|     u_reg                                    |    <0.001 |
|   u_vga                                      |    <0.001 |
+----------------------------------------------+-----------+


